[INFO]  Make output directory successfully
[INFO]  Set device[0] success
[INFO]  Init resource success
[INFO]  Init op input success
[INFO]  Prepare op input data success
[INFO]  Matrix A:
   0.18042  0.342773 0.0909424  0.228027  0.431396  0.765137  0.657715  0.481445 0.0921631  0.632324  0.973145  0.614258  0.106445  0.789551  0.216675  0.996094
  0.958008 0.0817261  0.497314  0.167114 0.0557861  0.569824   0.20459  0.146484  0.626953  0.938965  0.513184  0.390381  0.168091  0.398193 0.0291138  0.480713
  0.404541  0.833496  0.274902 0.0853271  0.879883  0.578613  0.683594  0.117065  0.114929  0.807617  0.476562  0.695801  0.278564  0.206909  0.661133  0.760742
  0.233398 0.01098630.00852203  0.754883   0.92334  0.111389  0.987793   0.73584  0.879883  0.799805  0.186401 0.0791626  0.776855  0.856445  0.793945 0.0379028
  0.078064   0.14502  0.797852  0.523438  0.803711  0.331543  0.843262  0.704102  0.191772  0.468994 0.0558472  0.955078  0.847168  0.971191  0.143921  0.193115
  0.171143  0.114319   0.53418  0.419434  0.709473  0.611328  0.348877  0.632812  0.410889   0.76123    0.3125  0.774902 0.0316772  0.067688  0.405762  0.381836
  0.323242  0.405762  0.310303  0.420654  0.868164  0.901855  0.739746  0.688965  0.850586  0.443604  0.214478  0.113831  0.549316  0.485107  0.179565  0.326904
   0.73291   0.46167  0.992676  0.975586  0.551758  0.102173  0.148071  0.584473  0.103333  0.460938  0.414795  0.685547  0.507812 0.0917358  0.568359  0.567383
  0.665527  0.204346  0.522949  0.345703  0.226196  0.561523   0.59375  0.612305  0.409424  0.675293  0.133545   0.57373   0.44165  0.874023 0.0681763  0.144165
   0.67334  0.469482  0.619141  0.207031  0.495605   0.17334  0.765625   0.62793  0.484863  0.108704  0.477051  0.280518  0.621582  0.188599  0.927246  0.950195
  0.462402  0.367188  0.229736  0.246582  0.425293  0.576172  0.444092  0.261963   0.95166  0.231567 0.0280457 0.05255130.00924683  0.939453  0.032135  0.188965
  0.085083  0.522461  0.398193  0.351562  0.650879  0.268555  0.842285  0.237793  0.062561  0.808594  0.167236  0.236328 0.0498657  0.888184  0.966309  0.848145
  0.242554 0.0791626 0.0211487   0.09375  0.224365   0.86084  0.128418 0.0217896  0.343018  0.620117  0.107117  0.709473  0.302002  0.677734  0.378174  0.519043
  0.626953  0.415283  0.791504  0.131348  0.394043  0.292725  0.625488  0.663086 0.0408325  0.611816  0.985352   0.82666  0.270264  0.119324  0.597656  0.522461
  0.572754 0.0119324  0.723145  0.170654  0.2424320.00208664  0.583496  0.968262  0.959473  0.804199   0.89502  0.763184  0.687012  0.681641  0.992188  0.745117
   0.44165  0.918457  0.822266  0.518555  0.149658  0.280273  0.625488  0.390137  0.638184  0.512695   0.68457  0.494141  0.419678  0.602051   0.59082  0.740234
[INFO]  Matrix B:
  0.224731  0.329834   0.76123  0.586426 0.0430603  0.363037 0.0692139  0.678711  0.583496  0.488525  0.845215  0.165039  0.674805  0.443115  0.716797  0.884277
  0.835449  0.836914 0.0670776  0.789062  0.710449  0.746094   0.26123  0.163818 0.0450439  0.731445  0.882812  0.182495  0.165771  0.479736   0.82959   0.45459
  0.342773  0.569336  0.484619  0.563965 0.0397339  0.361328  0.395996  0.441406   0.78125  0.186157  0.770508  0.931152   0.136230.00517654  0.040802  0.128906
  0.178101  0.657227  0.350342  0.423096 0.0205383  0.710449  0.301758  0.482666  0.646973  0.401123  0.880371   0.70166  0.352783  0.415527 0.0505981  0.382324
  0.589844  0.289795  0.539551  0.925293  0.588867   0.70166  0.755371  0.162354  0.552734  0.103027  0.380859  0.760742  0.554688  0.705566   0.90625  0.247925
  0.823242   0.21106   0.14856  0.838867  0.585449  0.920898  0.402344  0.453613  0.316895  0.434814  0.192505  0.935059  0.532227  0.169922  0.533203   0.92334
  0.145386 0.0802002  0.960938   0.81543 0.0217743  0.618652  0.504883  0.228149  0.416016  0.951172  0.469482  0.650879  0.603027   0.57373 0.0670776  0.950195
  0.968262  0.935059  0.749512  0.853516  0.583008  0.911621  0.457031  0.974609  0.793945 0.0722046   0.14502  0.705566  0.192749  0.522461  0.861816  0.925293
   0.84082  0.278564  0.839844  0.662109  0.272949 0.0374451  0.574219  0.884766  0.7929690.00914001  0.623047  0.243652  0.358398 0.0296478  0.546387  0.566406
  0.612793  0.805176  0.603027  0.881348  0.079834 0.0350952  0.305664  0.778809  0.165649   0.76123  0.731445  0.720215  0.756836  0.128052  0.936523  0.480225
 0.0779419  0.178223 0.0895386  0.336182  0.480469  0.153442  0.966309  0.108887  0.159912  0.109009  0.316162  0.272949  0.791504  0.507812 0.0765991  0.877441
  0.486816  0.228271 0.0580444  0.627441  0.299072   0.12439  0.127197  0.386719  0.453125  0.779297  0.129517  0.919922   0.47998  0.634277  0.928223  0.771484
   0.52002  0.302979 0.0362244  0.422607  0.981934  0.539551  0.364258  0.307617  0.348145  0.364502  0.902344   0.42749  0.970215  0.853516  0.591309  0.853516
   0.44165  0.281006   0.52002  0.964355  0.477783  0.728027  0.334961  0.452637  0.693359   0.65332  0.722168  0.718262 0.0877686   0.33374  0.351807  0.630859
  0.209351  0.188354  0.187744 0.0769653  0.440186  0.855957  0.439209   0.45752  0.583496   0.82959  0.962891  0.403809  0.856445  0.980469  0.811035  0.522461
 0.0983276  0.184692 0.0911255  0.903809  0.456055  0.835938  0.592285 0.0782471  0.281738  0.208374  0.771973  0.977051  0.839844  0.146362  0.475098  0.768066
[INFO]  Matrix C:
  0.233276  0.953125  0.753418  0.974121  0.699219  0.953613  0.179321  0.334473  0.567383  0.775879  0.495605  0.787598  0.503418   0.85791  0.482422 0.0913086
  0.879883 0.0770264  0.145142  0.333008 0.0470581   0.62207  0.877441  0.325928  0.669922  0.668945  0.403809  0.320801  0.771973  0.181274  0.569336     0.625
 0.0187683  0.882812  0.352051  0.438477  0.938965  0.783691   0.42334  0.453613  0.998535  0.698242  0.872559  0.986328  0.773438  0.191895  0.182983  0.995605
  0.858887  0.153442  0.525391  0.328125  0.132446 0.0405273  0.8081050.00574493  0.695801  0.078186  0.882324  0.560547    0.4646 0.0368958  0.804688  0.257812
  0.320312  0.901367  0.169556  0.222656  0.418701  0.943848  0.735352 0.0384521  0.159302  0.748047  0.241943  0.493896  0.142578  0.3464360.00775528  0.981445
 0.0681152  0.135864 0.0101624  0.5302730.00888062  0.322266  0.479736  0.431396  0.177734  0.788574  0.836914  0.992676  0.677246  0.341309   0.30835  0.169312
  0.885254  0.457764  0.589844  0.128296  0.363525   0.52832 0.0585632  0.621094  0.153809   0.86084 0.0244904  0.105042  0.880859 0.0837402  0.920898  0.130493
 0.0819702   0.70166  0.334961  0.763184   0.96582  0.631348  0.219238  0.526855  0.453125  0.199097  0.709961 0.0931396 0.0566101  0.759766  0.835938  0.901367
  0.411377  0.202759  0.885742  0.293213 0.0847168  0.156372  0.346436  0.860352  0.529297  0.558594  0.302246  0.318604  0.321289  0.784668  0.853516 0.0136948
  0.265381  0.156982  0.228638 0.0980225  0.854492  0.789551   0.64209  0.620605  0.206177  0.532227  0.657715  0.411377  0.777832  0.168213  0.519531  0.413574
  0.443848  0.291504 0.0831299   0.27124  0.646973  0.418457  0.796387  0.973145   0.86084  0.310791  0.946289  0.731445 0.0302734  0.941406  0.274414   0.28418
   0.45166 0.0847168  0.708008  0.683105  0.186279  0.168823  0.915527  0.773926  0.381836 0.0864868  0.646484  0.412109  0.150513  0.490967  0.728516  0.754883
  0.241943  0.305176  0.819336  0.321045  0.396484  0.465088  0.372559  0.914062  0.696289  0.329346  0.298584  0.989258  0.844238  0.261719  0.115723  0.220215
  0.881348  0.901367  0.953613  0.360107  0.167847  0.507324  0.408203  0.374512 0.0886841  0.106995  0.470215  0.873047  0.228882  0.173096  0.625488  0.645508
  0.296631  0.549805  0.291504 0.0629883  0.796875 0.0453796  0.593262  0.506348  0.876465  0.960449  0.766602  0.438477  0.147339  0.984863  0.343506  0.442383
  0.502441  0.560059  0.875977 0.0200043  0.377197 0.0437317  0.160278  0.461914  0.888184  0.107971   0.87793 0.0227203  0.688965 0.0471497  0.993164  0.406006
[INFO]  Create stream success
[INFO]  Copy inputs success
[INFO]  Launch Gemm kernel success
[INFO]  Synchronize stream success
[INFO]  Copy output success
[INFO]  Matrix Output:
   6.69922   6.28125   6.25391   12.1094   6.73047   9.49219   7.47266   6.03516   6.72656   7.76172   8.42969   11.0469   8.85938   7.02344   8.40625   10.9922
   6.49219   4.94922   5.90234   9.03125   3.59766   5.66797   5.80078   6.71875   6.41016   6.01562   7.98047   7.78516   7.62891   3.95703   7.35547    9.0625
    7.0625   6.71875   5.97266   11.4062   7.14844   9.39062   7.32422   6.13672   7.09375   8.78906   10.2266   10.8438   9.90625   7.48047   9.95312   11.0391
   8.71094   6.58984    9.1875   11.3281   6.23047   9.07812   8.22656   8.24219   9.50781   7.62109   11.1562   10.0938   9.22656   8.14062   9.90625   10.6719
   8.10938   7.35156   7.25781   11.7812   6.60938   9.80469   7.22656   7.10547   8.66406   8.33594   9.23438   11.8984   7.65234   7.78125   8.58594   11.1328
   6.78516   5.78125   5.71094   9.83594   4.49219   7.14453   6.34766   6.84766   6.74219   6.47656   7.72656   10.3359   7.58594   5.75391     8.375    8.4375
   9.39062   6.65625   8.07812   11.5703   6.73047   9.58594   7.19141   7.97656   7.95312   7.07812   8.82812   9.80469   8.64844   6.44922   9.54688   10.4297
   6.63281   7.89453   6.27734   10.5391   6.30469   9.10938   6.51562   7.49609   8.42188   6.84375   11.0391   10.1016   8.29688   7.89062   9.40625   10.2344
   7.46875   6.10547   7.73047   10.5234   4.84766   7.38672   5.54688   8.07031   7.77734   7.32812   8.46875     9.375   6.92188   6.26953   8.55469   9.57031
   6.84375   5.94922   6.88672   10.2891   7.17969   10.2109   7.96875   7.22656   8.08594   7.42188   11.0703   9.78906   10.0156   7.86719   9.20312   11.1797
   6.42578   4.39844   6.01953   8.70312   4.46875   6.36328   5.36719   6.54297   6.82812   4.87891   7.48828     7.125   4.41797   4.46094   5.96484   7.24219
    6.4375   5.71094   6.87891   11.1406   5.41406   9.27344   7.42969   6.49609   7.08203   8.15625    10.375   10.2656         8   7.08984     8.875   9.63281
   5.51172      3.75   4.45312   8.00781   4.69922   6.11328   4.48438   5.70312   5.38672   5.83594   6.31641   8.39062   6.85938   4.46094   6.79688   7.61328
     7.375   7.16016   7.07422   10.4531   5.69531   8.32812   7.44141   6.94141   7.13672   7.34766   9.30469   10.6562   9.03906   7.38672   9.28906   11.2656
   8.82812   7.98828   8.92188   12.4141   7.89062   9.34375   9.42188    10.125   10.9531   9.21875   12.6094   12.0625   11.0469   9.60938   11.1641   13.6328
   8.21094   7.78125   7.74609   11.5625   6.77344   9.27344   7.70703   7.85547   9.00781   8.21875   12.3594   10.3594   9.51562   7.17578   9.85938   11.5391
[INFO]  Write result success. file = result_files/matrix_c.bin
[INFO]  Run op success
[INFO]  Destory resource success
Process finished with exit code 0
